2012-02-14 14:19:49,108 [Worker-1] INFO  o.e.m.c.i.i.nexus.NexusIndexManager - Updating index for repository: central|http://repo1.maven.org/maven2
2012-02-14 14:24:08,475 [Worker-1] INFO  o.e.m.c.i.i.nexus.NexusIndexManager - Updated index for repository: central|http://repo1.maven.org/maven2 in 259372 ms
2012-03-03 21:19:27,455 [Worker-10] INFO  o.e.m.c.i.i.nexus.NexusIndexManager - Updating index for repository: central|http://repo1.maven.org/maven2
2012-03-03 21:25:01,001 [Worker-10] INFO  o.e.m.c.i.i.nexus.NexusIndexManager - Updated index for repository: central|http://repo1.maven.org/maven2 in 333546 ms
2012-03-04 10:37:42,370 [Worker-2] INFO  o.e.m.c.i.i.nexus.NexusIndexManager - Updating index for repository: central|http://repo1.maven.org/maven2
2012-03-04 10:38:57,154 [Worker-2] INFO  o.e.m.c.i.i.nexus.NexusIndexManager - Updated index for repository: central|http://repo1.maven.org/maven2 in 74904 ms
2012-03-04 22:07:08,728 [Worker-1] INFO  o.e.m.c.i.i.nexus.NexusIndexManager - Updating index for repository: central|http://repo1.maven.org/maven2
2012-03-04 22:09:47,531 [Worker-1] INFO  o.e.m.c.i.i.nexus.NexusIndexManager - Updated index for repository: central|http://repo1.maven.org/maven2 in 158808 ms
2012-03-05 07:59:28,160 [Worker-4] INFO  o.e.m.c.i.i.nexus.NexusIndexManager - Updating index for repository: central|http://repo1.maven.org/maven2
2012-03-05 07:59:31,857 [Worker-4] ERROR o.e.m.c.i.i.nexus.NexusIndexManager - Unable to update index for central|http://repo1.maven.org/maven2
java.io.IOException: null to http://repo1.maven.org/maven2/.index/nexus-maven-repository-index.properties
	at org.eclipse.m2e.core.internal.index.nexus.AsyncFetcher$PipedErrorInputStream.checkError(AsyncFetcher.java:253) ~[org.eclipse.m2e.core_1.0.100.20110804-1717.jar:na]
	at org.eclipse.m2e.core.internal.index.nexus.AsyncFetcher$PipedErrorInputStream.read(AsyncFetcher.java:259) ~[org.eclipse.m2e.core_1.0.100.20110804-1717.jar:na]
	at java.io.PipedInputStream.read(Unknown Source) ~[na:1.6.0_29]
	at java.io.InputStream.read(Unknown Source) ~[na:1.6.0_29]
	at java.util.Properties$LineReader.readLine(Unknown Source) ~[na:1.6.0_29]
	at java.util.Properties.load0(Unknown Source) ~[na:1.6.0_29]
	at java.util.Properties.load(Unknown Source) ~[na:1.6.0_29]
	at org.apache.maven.index.updater.DefaultIndexUpdater.downloadIndexProperties(DefaultIndexUpdater.java:457) ~[indexer-core-3.1.0.jar:3.1.0]
	at org.apache.maven.index.updater.DefaultIndexUpdater.access$100(DefaultIndexUpdater.java:75) ~[indexer-core-3.1.0.jar:3.1.0]
	at org.apache.maven.index.updater.DefaultIndexUpdater$IndexAdaptor.setProperties(DefaultIndexUpdater.java:607) ~[indexer-core-3.1.0.jar:3.1.0]
	at org.apache.maven.index.updater.DefaultIndexUpdater.fetchAndUpdateIndex(DefaultIndexUpdater.java:788) ~[indexer-core-3.1.0.jar:3.1.0]
	at org.apache.maven.index.updater.DefaultIndexUpdater.fetchAndUpdateIndex(DefaultIndexUpdater.java:135) ~[indexer-core-3.1.0.jar:3.1.0]
	at org.eclipse.m2e.core.internal.index.nexus.NexusIndexManager.updateRemoteIndex(NexusIndexManager.java:1124) [org.eclipse.m2e.core_1.0.100.20110804-1717.jar:na]
	at org.eclipse.m2e.core.internal.index.nexus.NexusIndexManager.updateIndex(NexusIndexManager.java:1081) [org.eclipse.m2e.core_1.0.100.20110804-1717.jar:na]
	at org.eclipse.m2e.core.internal.index.nexus.NexusIndexManager$1.run(NexusIndexManager.java:658) [org.eclipse.m2e.core_1.0.100.20110804-1717.jar:na]
	at org.eclipse.m2e.core.internal.index.nexus.IndexUpdaterJob.run(IndexUpdaterJob.java:71) [org.eclipse.m2e.core_1.0.100.20110804-1717.jar:na]
	at org.eclipse.core.internal.jobs.Worker.run(Worker.java:54) [org.eclipse.core.jobs_3.5.100.v20110404.jar:na]
Caused by: java.net.ConnectException: null to http://repo1.maven.org/maven2/.index/nexus-maven-repository-index.properties
	at com.ning.http.client.providers.netty.NettyConnectListener.operationComplete(NettyConnectListener.java:83) ~[async-http-client-1.6.3.jar:na]
	at com.ning.http.client.providers.netty.NettyAsyncHttpProvider.doConnect(NettyAsyncHttpProvider.java:857) ~[async-http-client-1.6.3.jar:na]
	at com.ning.http.client.providers.netty.NettyAsyncHttpProvider.execute(NettyAsyncHttpProvider.java:731) ~[async-http-client-1.6.3.jar:na]
	at com.ning.http.client.AsyncHttpClient.executeRequest(AsyncHttpClient.java:484) ~[async-http-client-1.6.3.jar:na]
	at com.ning.http.client.SimpleAsyncHttpClient.execute(SimpleAsyncHttpClient.java:285) ~[async-http-client-1.6.3.jar:na]
	at com.ning.http.client.SimpleAsyncHttpClient.get(SimpleAsyncHttpClient.java:202) ~[async-http-client-1.6.3.jar:na]
	at org.eclipse.m2e.core.internal.index.nexus.AsyncFetcher.retrieve(AsyncFetcher.java:205) ~[org.eclipse.m2e.core_1.0.100.20110804-1717.jar:na]
	at org.apache.maven.index.updater.DefaultIndexUpdater.downloadIndexProperties(DefaultIndexUpdater.java:452) ~[indexer-core-3.1.0.jar:3.1.0]
	... 9 common frames omitted
Caused by: java.nio.channels.UnresolvedAddressException: null
	at sun.nio.ch.Net.checkAddress(Unknown Source) ~[na:1.6.0_29]
	at sun.nio.ch.SocketChannelImpl.connect(Unknown Source) ~[na:1.6.0_29]
	at org.jboss.netty.channel.socket.nio.NioClientSocketPipelineSink.connect(NioClientSocketPipelineSink.java:140) ~[netty-3.2.4.Final.jar:na]
	at org.jboss.netty.channel.socket.nio.NioClientSocketPipelineSink.eventSunk(NioClientSocketPipelineSink.java:103) ~[netty-3.2.4.Final.jar:na]
	at org.jboss.netty.handler.codec.oneone.OneToOneEncoder.handleDownstream(OneToOneEncoder.java:60) ~[netty-3.2.4.Final.jar:na]
	at org.jboss.netty.handler.codec.http.HttpClientCodec.handleDownstream(HttpClientCodec.java:82) ~[netty-3.2.4.Final.jar:na]
	at org.jboss.netty.handler.stream.ChunkedWriteHandler.handleDownstream(ChunkedWriteHandler.java:114) ~[netty-3.2.4.Final.jar:na]
	at org.jboss.netty.channel.Channels.connect(Channels.java:541) ~[netty-3.2.4.Final.jar:na]
	at org.jboss.netty.channel.AbstractChannel.connect(AbstractChannel.java:218) ~[netty-3.2.4.Final.jar:na]
	at org.jboss.netty.bootstrap.ClientBootstrap.connect(ClientBootstrap.java:227) ~[netty-3.2.4.Final.jar:na]
	at org.jboss.netty.bootstrap.ClientBootstrap.connect(ClientBootstrap.java:188) ~[netty-3.2.4.Final.jar:na]
	at com.ning.http.client.providers.netty.NettyAsyncHttpProvider.doConnect(NettyAsyncHttpProvider.java:836) ~[async-http-client-1.6.3.jar:na]
	... 15 common frames omitted
2012-03-05 14:53:35,706 [Worker-9] INFO  o.e.m.c.i.i.nexus.NexusIndexManager - Updating index for repository: central|http://repo1.maven.org/maven2
2012-03-05 14:55:58,077 [Worker-9] INFO  o.e.m.c.i.i.nexus.NexusIndexManager - Updated index for repository: central|http://repo1.maven.org/maven2 in 142378 ms
2012-03-06 10:23:50,929 [Worker-6] INFO  o.e.m.c.i.i.nexus.NexusIndexManager - Updating index for repository: central|http://repo1.maven.org/maven2
2012-03-06 10:24:43,319 [Worker-6] INFO  o.e.m.c.i.i.nexus.NexusIndexManager - Updated index for repository: central|http://repo1.maven.org/maven2 in 52397 ms
2012-03-06 19:09:41,467 [Worker-1] INFO  o.e.m.c.i.i.nexus.NexusIndexManager - Updating index for repository: central|http://repo1.maven.org/maven2
2012-03-06 19:12:53,274 [Worker-1] INFO  o.e.m.c.i.i.nexus.NexusIndexManager - Updated index for repository: central|http://repo1.maven.org/maven2 in 191815 ms
